[    0.000000] Linux version 4.15.0-189-generic (buildd@lcy02-amd64-039) (gcc version 7.5.0 (Ubuntu 7.5.0-3ubuntu1~18.04)) #200-Ubuntu SMP Wed Jun 22 19:53:37 UTC 2022 (Ubuntu 4.15.0-189.200-generic 4.15.18)
[    0.000000] Command line: BOOT_IMAGE=/boot/vmlinuz-4.15.0-189-generic root=LABEL=cloudimg-rootfs ro console=tty1 console=ttyS0
[    0.000000] KERNEL supported cpus:
[    0.000000]   Intel GenuineIntel
[    0.000000]   AMD AuthenticAMD
[    0.000000]   Centaur CentaurHauls
[    0.000000] x86/fpu: Supporting XSAVE feature 0x001: 'x87 floating point registers'
[    0.000000] x86/fpu: Supporting XSAVE feature 0x002: 'SSE registers'
[    0.000000] x86/fpu: Supporting XSAVE feature 0x004: 'AVX registers'
[    0.000000] x86/fpu: xstate_offset[2]:  576, xstate_sizes[2]:  256
[    0.000000] x86/fpu: Enabled xstate features 0x7, context size is 832 bytes, using 'standard' format.
[    0.000000] e820: BIOS-provided physical RAM map:
[    0.000000] BIOS-e820: [mem 0x0000000000000000-0x000000000009fbff] usable
[    0.000000] BIOS-e820: [mem 0x000000000009fc00-0x000000000009ffff] reserved
[    0.000000] BIOS-e820: [mem 0x00000000000f0000-0x00000000000fffff] reserved
[    0.000000] BIOS-e820: [mem 0x0000000000100000-0x00000000dffeffff] usable
[    0.000000] BIOS-e820: [mem 0x00000000dfff0000-0x00000000dfffffff] ACPI data
[    0.000000] BIOS-e820: [mem 0x00000000fec00000-0x00000000fec00fff] reserved
[    0.000000] BIOS-e820: [mem 0x00000000fee00000-0x00000000fee00fff] reserved
[    0.000000] BIOS-e820: [mem 0x00000000fffc0000-0x00000000ffffffff] reserved
[    0.000000] BIOS-e820: [mem 0x0000000100000000-0x00000005256fffff] usable
[    0.000000] NX (Execute Disable) protection: active
[    0.000000] SMBIOS 2.5 present.
[    0.000000] DMI: innotek GmbH VirtualBox/VirtualBox, BIOS VirtualBox 12/01/2006
[    0.000000] Hypervisor detected: KVM
[    0.000000] e820: last_pfn = 0x525700 max_arch_pfn = 0x400000000
[    0.000000] MTRR: Disabled
[    0.000000] x86/PAT: MTRRs disabled, skipping PAT initialization too.
[    0.000000] CPU MTRRs all blank - virtualized system.
[    0.000000] x86/PAT: Configuration [0-7]: WB  WT  UC- UC  WB  WT  UC- UC  
[    0.000000] e820: last_pfn = 0xdfff0 max_arch_pfn = 0x400000000
[    0.000000] found SMP MP-table at [mem 0x0009fff0-0x0009ffff]
[    0.000000] Scanning 1 areas for low memory corruption
[    0.000000] RAMDISK: [mem 0x359c7000-0x36cdafff]
[    0.000000] ACPI: Early table checksum verification disabled
[    0.000000] ACPI: RSDP 0x00000000000E0000 000024 (v02 VBOX  )
[    0.000000] ACPI: XSDT 0x00000000DFFF0030 00003C (v01 VBOX   VBOXXSDT 00000001 ASL  00000061)
[    0.000000] ACPI: FACP 0x00000000DFFF00F0 0000F4 (v04 VBOX   VBOXFACP 00000001 ASL  00000061)
[    0.000000] ACPI: DSDT 0x00000000DFFF0470 002325 (v02 VBOX   VBOXBIOS 00000002 INTL 20100528)
[    0.000000] ACPI: FACS 0x00000000DFFF0200 000040
[    0.000000] ACPI: FACS 0x00000000DFFF0200 000040
[    0.000000] ACPI: APIC 0x00000000DFFF0240 00005C (v02 VBOX   VBOXAPIC 00000001 ASL  00000061)
[    0.000000] ACPI: SSDT 0x00000000DFFF02A0 0001CC (v01 VBOX   VBOXCPUT 00000002 INTL 20100528)
[    0.000000] ACPI: Reserving FACP table memory at [mem 0xdfff00f0-0xdfff01e3]
[    0.000000] ACPI: Reserving DSDT table memory at [mem 0xdfff0470-0xdfff2794]
[    0.000000] ACPI: Reserving FACS table memory at [mem 0xdfff0200-0xdfff023f]
[    0.000000] ACPI: Reserving FACS table memory at [mem 0xdfff0200-0xdfff023f]
[    0.000000] ACPI: Reserving APIC table memory at [mem 0xdfff0240-0xdfff029b]
[    0.000000] ACPI: Reserving SSDT table memory at [mem 0xdfff02a0-0xdfff046b]
[    0.000000] No NUMA configuration found
[    0.000000] Faking a node at [mem 0x0000000000000000-0x00000005256fffff]
[    0.000000] NODE_DATA(0) allocated [mem 0x5256d5000-0x5256fffff]
[    0.000000] kvm-clock: cpu 0, msr 5:25654001, primary cpu clock
[    0.000000] kvm-clock: Using msrs 4b564d01 and 4b564d00
[    0.000000] kvm-clock: using sched offset of 3404829751 cycles
[    0.000000] clocksource: kvm-clock: mask: 0xffffffffffffffff max_cycles: 0x1cd42e4dffb, max_idle_ns: 881590591483 ns
[    0.000000] Zone ranges:
[    0.000000]   DMA      [mem 0x0000000000001000-0x0000000000ffffff]
[    0.000000]   DMA32    [mem 0x0000000001000000-0x00000000ffffffff]
[    0.000000]   Normal   [mem 0x0000000100000000-0x00000005256fffff]
[    0.000000]   Device   empty
[    0.000000] Movable zone start for each node
[    0.000000] Early memory node ranges
[    0.000000]   node   0: [mem 0x0000000000001000-0x000000000009efff]
[    0.000000]   node   0: [mem 0x0000000000100000-0x00000000dffeffff]
[    0.000000]   node   0: [mem 0x0000000100000000-0x00000005256fffff]
[    0.000000] Reserved but unavailable: 104 pages
[    0.000000] Initmem setup node 0 [mem 0x0000000000001000-0x00000005256fffff]
[    0.000000] ACPI: PM-Timer IO Port: 0x4008
[    0.000000] IOAPIC[0]: apic_id 2, version 32, address 0xfec00000, GSI 0-23
[    0.000000] ACPI: INT_SRC_OVR (bus 0 bus_irq 0 global_irq 2 dfl dfl)
[    0.000000] ACPI: INT_SRC_OVR (bus 0 bus_irq 9 global_irq 9 low level)
[    0.000000] Using ACPI (MADT) for SMP configuration information
[    0.000000] smpboot: Allowing 2 CPUs, 0 hotplug CPUs
[    0.000000] PM: Registered nosave memory: [mem 0x00000000-0x00000fff]
[    0.000000] PM: Registered nosave memory: [mem 0x0009f000-0x0009ffff]
[    0.000000] PM: Registered nosave memory: [mem 0x000a0000-0x000effff]
[    0.000000] PM: Registered nosave memory: [mem 0x000f0000-0x000fffff]
[    0.000000] PM: Registered nosave memory: [mem 0xdfff0000-0xdfffffff]
[    0.000000] PM: Registered nosave memory: [mem 0xe0000000-0xfebfffff]
[    0.000000] PM: Registered nosave memory: [mem 0xfec00000-0xfec00fff]
[    0.000000] PM: Registered nosave memory: [mem 0xfec01000-0xfedfffff]
[    0.000000] PM: Registered nosave memory: [mem 0xfee00000-0xfee00fff]
[    0.000000] PM: Registered nosave memory: [mem 0xfee01000-0xfffbffff]
[    0.000000] PM: Registered nosave memory: [mem 0xfffc0000-0xffffffff]
[    0.000000] e820: [mem 0xe0000000-0xfebfffff] available for PCI devices
[    0.000000] Booting paravirtualized kernel on KVM
[    0.000000] clocksource: refined-jiffies: mask: 0xffffffff max_cycles: 0xffffffff, max_idle_ns: 7645519600211568 ns
[    0.000000] random: get_random_bytes called from start_kernel+0x99/0x500 with crng_init=0
[    0.000000] setup_percpu: NR_CPUS:8192 nr_cpumask_bits:2 nr_cpu_ids:2 nr_node_ids:1
[    0.000000] percpu: Embedded 50 pages/cpu s167936 r8192 d28672 u1048576
[    0.000000] PV qspinlock hash table entries: 256 (order: 0, 4096 bytes)
[    0.000000] Built 1 zonelists, mobility grouping on.  Total pages: 5182749
[    0.000000] Policy zone: Normal
[    0.000000] Kernel command line: BOOT_IMAGE=/boot/vmlinuz-4.15.0-189-generic root=LABEL=cloudimg-rootfs ro console=tty1 console=ttyS0
[    0.000000] Memory: 20615312K/21060152K available (12300K kernel code, 2484K rwdata, 4324K rodata, 2468K init, 2724K bss, 444840K reserved, 0K cma-reserved)
[    0.000000] SLUB: HWalign=64, Order=0-3, MinObjects=0, CPUs=2, Nodes=1
[    0.000000] ftrace: allocating 39515 entries in 155 pages
[    0.004000] Hierarchical RCU implementation.
[    0.004000] 	RCU restricting CPUs from NR_CPUS=8192 to nr_cpu_ids=2.
[    0.004000] 	Tasks RCU enabled.
[    0.004000] RCU: Adjusting geometry for rcu_fanout_leaf=16, nr_cpu_ids=2
[    0.004000] NR_IRQS: 524544, nr_irqs: 440, preallocated irqs: 16
[    0.004000] Console: colour VGA+ 80x25
[    0.004000] console [tty1] enabled
[    0.004000] console [ttyS0] enabled
[    0.004000] ACPI: Core revision 20170831
[    0.004000] ACPI: 2 ACPI AML tables successfully acquired and loaded
[    0.004000] APIC: Switch to symmetric I/O mode setup
[    0.004000] x2apic enabled
[    0.004000] Switched APIC routing to physical x2apic.
[    0.004000] ..TIMER: vector=0x30 apic1=0 pin1=2 apic2=-1 pin2=-1
[    0.004000] tsc: Detected 3600.002 MHz processor
[    0.004007] Calibrating delay loop (skipped) preset value.. 7200.00 BogoMIPS (lpj=14400008)
[    0.005163] pid_max: default: 32768 minimum: 301
[    0.005771] Security Framework initialized
[    0.006301] Yama: becoming mindful.
[    0.008017] AppArmor: AppArmor initialized
[    0.040126] Dentry cache hash table entries: 4194304 (order: 13, 33554432 bytes)
[    0.056127] Inode-cache hash table entries: 2097152 (order: 12, 16777216 bytes)
[    0.059168] Mount-cache hash table entries: 65536 (order: 7, 524288 bytes)
[    0.060048] Mountpoint-cache hash table entries: 65536 (order: 7, 524288 bytes)
[    0.061195] Last level iTLB entries: 4KB 64, 2MB 8, 4MB 8
[    0.064006] Last level dTLB entries: 4KB 64, 2MB 0, 4MB 0, 1GB 4
[    0.064936] Spectre V1 : Mitigation: usercopy/swapgs barriers and __user pointer sanitization
[    0.066237] Spectre V2 : Mitigation: Retpolines
[    0.068004] Spectre V2 : Spectre v2 / SpectreRSB mitigation: Filling RSB on context switch
[    0.072002] Speculative Store Bypass: Vulnerable
[    0.072621] MMIO Stale Data: Vulnerable: Clear CPU buffers attempted, no microcode
[    0.073576] SRBDS: Unknown: Dependent on hypervisor status
[    0.074394] Freeing SMP alternatives memory: 36K
[    0.180347] smpboot: CPU0: Intel(R) Core(TM) i3-10100 CPU @ 3.60GHz (family: 0x6, model: 0xa5, stepping: 0x3)
[    0.181964] Performance Events: unsupported p6 CPU model 165 no PMU driver, software events only.
[    0.184052] Hierarchical SRCU implementation.
[    0.185818] NMI watchdog: Perf event create on CPU 0 failed with -2
[    0.186852] NMI watchdog: Perf NMI watchdog permanently disabled
[    0.188056] smp: Bringing up secondary CPUs ...
[    0.188954] x86: Booting SMP configuration:
[    0.189556] .... node  #0, CPUs:      #1
[    0.004000] kvm-clock: cpu 1, msr 5:25654041, secondary cpu clock
[    0.192018] smp: Brought up 1 node, 2 CPUs
[    0.192553] smpboot: Max logical packages: 1
[    0.193106] smpboot: Total of 2 processors activated (14400.00 BogoMIPS)
[    0.196045] devtmpfs: initialized
[    0.196739] x86/mm: Memory block size: 128MB
[    0.200278] evm: security.selinux
[    0.201563] evm: security.SMACK64
[    0.204005] evm: security.SMACK64EXEC
[    0.204728] evm: security.SMACK64TRANSMUTE
[    0.205258] evm: security.SMACK64MMAP
[    0.205759] evm: security.apparmor
[    0.206619] evm: security.ima
[    0.207156] evm: security.capability
[    0.208076] clocksource: jiffies: mask: 0xffffffff max_cycles: 0xffffffff, max_idle_ns: 7645041785100000 ns
[    0.209250] futex hash table entries: 512 (order: 3, 32768 bytes)
[    0.210219] pinctrl core: initialized pinctrl subsystem
[    0.210977] RTC time: 10:56:29, date: 08/10/22
[    0.211660] NET: Registered protocol family 16
[    0.212062] audit: initializing netlink subsys (disabled)
[    0.212772] audit: type=2000 audit(1660128994.184:1): state=initialized audit_enabled=0 res=1
[    0.212772] cpuidle: using governor ladder
[    0.212772] cpuidle: using governor menu
[    0.213112] ACPI: bus type PCI registered
[    0.213673] acpiphp: ACPI Hot Plug PCI Controller Driver version: 0.5
[    0.216088] PCI: Using configuration type 1 for base access
[    0.216916] HugeTLB registered 2.00 MiB page size, pre-allocated 0 pages
[    0.217034] ACPI: Added _OSI(Module Device)
[    0.220008] ACPI: Added _OSI(Processor Device)
[    0.220584] ACPI: Added _OSI(3.0 _SCP Extensions)
[    0.221179] ACPI: Added _OSI(Processor Aggregator Device)
[    0.221915] ACPI: Added _OSI(Linux-Dell-Video)
[    0.222606] ACPI: Added _OSI(Linux-Lenovo-NV-HDMI-Audio)
[    0.223282] ACPI: Added _OSI(Linux-HPI-Hybrid-Graphics)
[    0.224241] ACPI: Executed 1 blocks of module-level executable AML code
[    0.228353] ACPI: Interpreter enabled
[    0.228845] ACPI: (supports S0 S5)
[    0.229306] ACPI: Using IOAPIC for interrupt routing
[    0.230138] PCI: Using host bridge windows from ACPI; if necessary, use "pci=nocrs" and report a bug
[    0.231881] ACPI: Enabled 2 GPEs in block 00 to 07
[    0.237927] ACPI: PCI Root Bridge [PCI0] (domain 0000 [bus 00-ff])
[    0.238993] acpi PNP0A03:00: _OSC: OS supports [ASPM ClockPM Segments MSI]
[    0.240076] acpi PNP0A03:00: _OSC: not requesting OS control; OS requires [ExtendedConfig ASPM ClockPM MSI]
[    0.241576] acpi PNP0A03:00: fail to add MMCONFIG information, can't access extended PCI configuration space under this bridge.
[    0.244283] PCI host bridge to bus 0000:00
[    0.244832] pci_bus 0000:00: root bus resource [io  0x0000-0x0cf7 window]
[    0.245687] pci_bus 0000:00: root bus resource [io  0x0d00-0xffff window]
[    0.246820] pci_bus 0000:00: root bus resource [mem 0x000a0000-0x000bffff window]
[    0.248008] pci_bus 0000:00: root bus resource [mem 0xe0000000-0xfdffffff window]
[    0.249843] pci_bus 0000:00: root bus resource [bus 00-ff]
[    0.420934] pci 0000:00:07.0: quirk: [io  0x4000-0x403f] claimed by PIIX4 ACPI
[    0.421887] pci 0000:00:07.0: quirk: [io  0x4100-0x410f] claimed by PIIX4 SMB
[    0.517181] ACPI: PCI Interrupt Link [LNKA] (IRQs 5 9 10 *11)
[    0.518251] ACPI: PCI Interrupt Link [LNKB] (IRQs 5 9 *10 11)
[    0.519080] ACPI: PCI Interrupt Link [LNKC] (IRQs 5 *9 10 11)
[    0.520074] ACPI: PCI Interrupt Link [LNKD] (IRQs 5 9 10 *11)
[    0.521312] SCSI subsystem initialized
[    0.521967] pci 0000:00:02.0: vgaarb: setting as boot VGA device
[    0.521967] pci 0000:00:02.0: vgaarb: VGA device added: decodes=io+mem,owns=io+mem,locks=none
[    0.524009] pci 0000:00:02.0: vgaarb: bridge control possible
[    0.524888] vgaarb: loaded
[    0.525345] ACPI: bus type USB registered
[    0.525967] usbcore: registered new interface driver usbfs
[    0.526821] usbcore: registered new interface driver hub
[    0.527718] usbcore: registered new device driver usb
[    0.528056] EDAC MC: Ver: 3.0.0
[    0.528635] PCI: Using ACPI for IRQ routing
[    0.528762] NetLabel: Initializing
[    0.532002] NetLabel:  domain hash size = 128
[    0.532002] NetLabel:  protocols = UNLABELED CIPSOv4 CALIPSO
[    0.532002] NetLabel:  unlabeled traffic allowed by default
[    0.532058] clocksource: Switched to clocksource kvm-clock
[    0.546325] VFS: Disk quotas dquot_6.6.0
[    0.546969] VFS: Dquot-cache hash table entries: 512 (order 0, 4096 bytes)
[    0.547948] AppArmor: AppArmor Filesystem Enabled
[    0.548657] pnp: PnP ACPI init
[    0.549813] pnp: PnP ACPI: found 3 devices
[    0.572156] clocksource: acpi_pm: mask: 0xffffff max_cycles: 0xffffff, max_idle_ns: 2085701024 ns
[    0.573546] NET: Registered protocol family 2
[    0.576148] IP idents hash table entries: 262144 (order: 9, 2097152 bytes)
[    0.580152] TCP established hash table entries: 262144 (order: 9, 2097152 bytes)
[    0.581401] TCP bind hash table entries: 65536 (order: 8, 1048576 bytes)
[    0.582304] TCP: Hash tables configured (established 262144 bind 65536)
[    0.583173] UDP hash table entries: 16384 (order: 7, 524288 bytes)
[    0.585169] UDP-Lite hash table entries: 16384 (order: 7, 524288 bytes)
[    0.586998] NET: Registered protocol family 1
[    0.587578] pci 0000:00:00.0: Limiting direct PCI/PCI transfers
[    0.588506] pci 0000:00:01.0: Activating ISA DMA hang workarounds
[    0.589510] pci 0000:00:02.0: Video device with shadowed ROM at [mem 0x000c0000-0x000dffff]
[    0.590767] Unpacking initramfs...
[    0.871618] Freeing initrd memory: 19536K
[    0.872246] PCI-DMA: Using software bounce buffering for IO (SWIOTLB)
[    0.873065] software IO TLB: mapped [mem 0xdbff0000-0xdfff0000] (64MB)
[    0.873892] clocksource: tsc: mask: 0xffffffffffffffff max_cycles: 0x33e4559ce44, max_idle_ns: 440795364889 ns
[    0.875155] platform rtc_cmos: registered platform RTC device (no PNP device found)
[    0.876214] Scanning for low memory corruption every 60 seconds
[    0.877455] Initialise system trusted keyrings
[    0.878111] Key type blacklist registered
[    0.878701] workingset: timestamp_bits=36 max_order=23 bucket_order=0
[    0.882205] zbud: loaded
[    0.883214] squashfs: version 4.0 (2009/01/31) Phillip Lougher
[    0.884295] fuse init (API version 7.26)
[    0.891673] Key type asymmetric registered
[    0.892348] Asymmetric key parser 'x509' registered
[    0.893042] Block layer SCSI generic (bsg) driver version 0.4 loaded (major 246)
[    0.894137] io scheduler noop registered
[    0.894656] io scheduler deadline registered
[    0.895240] io scheduler cfq registered (default)
[    0.896114] ACPI: AC Adapter [AC] (on-line)
[    0.896693] input: Power Button as /devices/LNXSYSTM:00/LNXPWRBN:00/input/input0
[    0.897766] ACPI: Power Button [PWRF]
[    0.898311] input: Sleep Button as /devices/LNXSYSTM:00/LNXSLPBN:00/input/input1
[    0.899318] ACPI: Sleep Button [SLPF]
[    0.900104] Serial: 8250/16550 driver, 32 ports, IRQ sharing enabled
[    0.924505] 00:02: ttyS0 at I/O 0x3f8 (irq = 4, base_baud = 115200) is a 16550A
[    0.926394] Linux agpgart interface v0.103
[    0.930158] loop: module loaded
[    0.930808] tun: Universal TUN/TAP device driver, 1.6
[    0.931511] PPP generic driver version 2.4.2
[    0.932093] ehci_hcd: USB 2.0 'Enhanced' Host Controller (EHCI) Driver
[    0.933056] ehci-pci: EHCI PCI platform driver
[    0.933706] ehci-platform: EHCI generic platform driver
[    0.934411] ohci_hcd: USB 1.1 'Open' Host Controller (OHCI) Driver
[    0.935264] ohci-pci: OHCI PCI platform driver
[    0.935847] ohci-platform: OHCI generic platform driver
[    0.936946] uhci_hcd: USB Universal Host Controller Interface driver
[    0.937865] i8042: PNP: PS/2 Controller [PNP0303:PS2K,PNP0f03:PS2M] at 0x60,0x64 irq 1,12
[    0.939468] serio: i8042 KBD port at 0x60,0x64 irq 1
[    0.940164] serio: i8042 AUX port at 0x60,0x64 irq 12
[    0.941146] mousedev: PS/2 mouse device common for all mice
[    0.942351] input: AT Translated Set 2 keyboard as /devices/platform/i8042/serio0/input/input2
[    0.944522] rtc_cmos rtc_cmos: rtc core: registered rtc_cmos as rtc0
[    0.945624] rtc_cmos rtc_cmos: alarms up to one day, 114 bytes nvram
[    0.946594] i2c /dev entries driver
[    0.947156] device-mapper: uevent: version 1.0.3
[    0.947855] device-mapper: ioctl: 4.37.0-ioctl (2017-09-20) initialised: dm-devel@redhat.com
[    0.949064] ledtrig-cpu: registered to indicate activity on CPUs
[    0.950163] NET: Registered protocol family 10
[    0.953654] Segment Routing with IPv6
[    0.954262] NET: Registered protocol family 17
[    0.955349] Key type dns_resolver registered
[    0.956347] mce: Using 0 MCE banks
[    0.956831] RAS: Correctable Errors collector initialized.
[    0.957752] sched_clock: Marking stable (956243376, 0)->(1606682976, -650439600)
[    0.959249] registered taskstats version 1
[    0.959835] Loading compiled-in X.509 certificates
[    0.962051] Loaded X.509 cert 'Build time autogenerated kernel key: 9c4811ffd453f4b0c13447eb15d717d926dfaff5'
[    0.963771] Loaded X.509 cert 'Canonical Ltd. Live Patch Signing: 14df34d1a87cf37625abec039ef2bf521249b969'
[    0.965502] Loaded X.509 cert 'Canonical Ltd. Kernel Module Signing: 88f752e560a1e0737e31163a466ad7b70a850c19'
[    0.966742] blacklist: Loading compiled-in revocation X.509 certificates
[    0.967728] Loaded X.509 cert 'Canonical Ltd. Secure Boot Signing: 61482aa2830d0ab2ad5af10b7250da9033ddcef0'
[    0.969190] zswap: loaded using pool lzo/zbud
[    0.971939] Key type big_key registered
[    0.972591] Key type trusted registered
[    0.974067] Key type encrypted registered
[    0.974653] AppArmor: AppArmor sha1 policy hashing enabled
[    0.975425] ima: No TPM chip found, activating TPM-bypass! (rc=-19)
[    0.976305] ima: Allocated hash algorithm: sha1
[    0.976904] evm: HMAC attrs: 0x1
[    0.977540]   Magic number: 2:713:931
[    0.978134] rtc_cmos rtc_cmos: setting system clock to 2022-08-10 10:56:30 UTC (1660128990)
[    0.979421] BIOS EDD facility v0.16 2004-Jun-25, 0 devices found
[    0.980189] EDD information not available.
[    0.982807] Freeing unused kernel image memory: 2468K
[    1.000497] Write protecting the kernel read-only data: 20480k
[    1.001709] Freeing unused kernel image memory: 2008K
[    1.002539] Freeing unused kernel image memory: 1820K
[    1.018993] x86/mm: Checked W+X mappings: passed, no W+X pages found.
Loading, please wait...
starting version 237
[    1.069432] e1000: Intel(R) PRO/1000 Network Driver - version 7.3.21-k8-NAPI
[    1.070345] e1000: Copyright (c) 1999-2006 Intel Corporation.
[    1.087647] AVX2 version of gcm_enc/dec engaged.
[    1.088521] AES CTR mode by8 optimization enabled
[    1.098729] Fusion MPT base driver 3.04.20
[    1.099362] Copyright (c) 1999-2008 LSI Corporation
[    1.109764] Fusion MPT SPI Host driver 3.04.20
[    1.290899] input: ImExPS/2 Generic Explorer Mouse as /devices/platform/i8042/serio1/input/input4
[    1.475305] e1000 0000:00:03.0 eth0: (PCI:33MHz:32-bit) 02:aa:b2:66:c8:08
[    1.476207] e1000 0000:00:03.0 eth0: Intel(R) PRO/1000 Network Connection
[    1.847751] e1000 0000:00:08.0 eth1: (PCI:33MHz:32-bit) 08:00:27:0f:b8:e1
[    1.848643] e1000 0000:00:08.0 eth1: Intel(R) PRO/1000 Network Connection
[    1.850303] mptbase: ioc0: Initiating bringup
[    1.850369] e1000 0000:00:08.0 enp0s8: renamed from eth1
[    1.872417] e1000 0000:00:03.0 enp0s3: renamed from eth0
[    2.077229] ioc0: LSI53C1030 A0: Capabilities={Initiator}
[    3.941950] scsi host0: ioc0: LSI53C1030 A0, FwRev=00000000h, Ports=1, MaxQ=256, IRQ=20
[    5.887870] scsi 0:0:0:0: Direct-Access     VBOX     HARDDISK         1.0  PQ: 0 ANSI: 5
[    5.920530] scsi target0:0:0: Beginning Domain Validation
[    5.922101] scsi target0:0:0: Domain Validation skipping write tests
[    5.922922] scsi target0:0:0: Ending Domain Validation
[    5.923632] scsi target0:0:0: asynchronous
[    5.924503] scsi 0:0:1:0: Direct-Access     VBOX     HARDDISK         1.0  PQ: 0 ANSI: 5
[    5.956657] scsi target0:0:1: Beginning Domain Validation
[    5.971558] random: fast init done
[    5.972992] scsi target0:0:1: Domain Validation skipping write tests
[    5.973952] scsi target0:0:1: Ending Domain Validation
[    5.975616] scsi target0:0:1: asynchronous
[    5.977510] scsi 0:0:2:0: Direct-Access     VBOX     HARDDISK         1.0  PQ: 0 ANSI: 5
[    6.008412] scsi target0:0:2: Beginning Domain Validation
[    6.010734] scsi target0:0:2: Domain Validation skipping write tests
[    6.011847] scsi target0:0:2: Ending Domain Validation
[    6.012718] scsi target0:0:2: asynchronous
[    6.015702] random: systemd-udevd: uninitialized urandom read (16 bytes read)
[    6.016742] random: systemd-udevd: uninitialized urandom read (16 bytes read)
[    6.018474] random: systemd-udevd: uninitialized urandom read (16 bytes read)
[    6.019959] sd 0:0:0:0: [sda] 83886080 512-byte logical blocks: (42.9 GB/40.0 GiB)
[    6.020074] sd 0:0:0:0: Attached scsi generic sg0 type 0
[    6.021063] sd 0:0:0:0: [sda] Write Protect is off
[    6.022433] sd 0:0:0:0: [sda] Incomplete mode parameter data
[    6.023299] sd 0:0:0:0: [sda] Assuming drive cache: write through
[    6.024148] sd 0:0:1:0: Attached scsi generic sg1 type 0
[    6.025049]  sda: sda1
[    6.025595] sd 0:0:2:0: Attached scsi generic sg2 type 0
[    6.025773] sd 0:0:1:0: [sdb] 20480 512-byte logical blocks: (10.5 MB/10.0 MiB)
[    6.027414] sd 0:0:1:0: [sdb] Write Protect is off
[    6.028152] sd 0:0:1:0: [sdb] Incomplete mode parameter data
[    6.028180] sd 0:0:2:0: [sdc] 20971520 512-byte logical blocks: (10.7 GB/10.0 GiB)
[    6.028997] sd 0:0:1:0: [sdb] Assuming drive cache: write through
[    6.031104] sd 0:0:0:0: [sda] Attached SCSI disk
[    6.031111] sd 0:0:2:0: [sdc] Write Protect is off
[    6.033196] sd 0:0:2:0: [sdc] Incomplete mode parameter data
[    6.033939] sd 0:0:2:0: [sdc] Assuming drive cache: write through
[    6.034221] sd 0:0:1:0: [sdb] Attached SCSI disk
[    6.036835] sd 0:0:2:0: [sdc] Attached SCSI disk
Begin: Loading essential drivers ... [    7.532406] raid6: sse2x1   gen() 13197 MB/s
[    7.580220] raid6: sse2x1   xor()  7766 MB/s
[    7.628063] raid6: sse2x2   gen() 16092 MB/s
[    7.676032] raid6: sse2x2   xor() 10021 MB/s
[    7.724035] raid6: sse2x4   gen() 17452 MB/s
[    7.772491] raid6: sse2x4   xor() 10070 MB/s
[    7.820317] raid6: avx2x1   gen() 22721 MB/s
[    7.868166] raid6: avx2x1   xor() 12894 MB/s
[    7.916035] raid6: avx2x2   gen() 29713 MB/s
[    7.964261] raid6: avx2x2   xor() 19177 MB/s
[    8.012015] raid6: avx2x4   gen() 31322 MB/s
[    8.060442] raid6: avx2x4   xor() 18553 MB/s
[    8.061093] raid6: using algorithm avx2x4 gen() 31322 MB/s
[    8.061824] raid6: .... xor() 18553 MB/s, rmw enabled
[    8.062526] raid6: using avx2x2 recovery algorithm
[    8.063962] xor: automatically using best checksumming function   avx       
[    8.065510] async_tx: api initialized (async)
done.
Begin: Running /scripts/init-premount ... done.
Begin: Mounting root file system ... Begin: Running /scripts/local-top ... done.
Begin: Running /scripts/local-premount ... [    8.121240] Btrfs loaded, crc32c=crc32c-intel
Scanning for Btrfs filesystems
done.
Warning: fsck not present, so skipping root file system
[    8.149861] EXT4-fs (sda1): INFO: recovery required on readonly filesystem
[    8.150711] EXT4-fs (sda1): write access will be enabled during recovery
[    8.170946] EXT4-fs (sda1): recovery complete
[    8.171805] EXT4-fs (sda1): mounted filesystem with ordered data mode. Opts: (null)
done.
Begin: Running /scripts/local-bottom ... done.
Begin: Running /scripts/init-bottom ... done.
[    8.326091] ip_tables: (C) 2000-2006 Netfilter Core Team
[    8.333262] systemd[1]: systemd 237 running in system mode. (+PAM +AUDIT +SELINUX +IMA +APPARMOR +SMACK +SYSVINIT +UTMP +LIBCRYPTSETUP +GCRYPT +GNUTLS +ACL +XZ +LZ4 +SECCOMP +BLKID +ELFUTILS +KMOD -IDN2 +IDN -PCRE2 default-hierarchy=hybrid)
[    8.336341] systemd[1]: Detected virtualization oracle.
[    8.337033] systemd[1]: Detected architecture x86-64.

Welcome to [1mUbuntu 18.04.6 LTS[0m!

[    8.341080] systemd[1]: Set hostname to <node1>.
[    8.618942] systemd[1]: Configuration file /lib/systemd/system/kubelet.service is marked world-inaccessible. This has no effect as configuration data is accessible via APIs without restrictions. Proceeding anyway.
[    8.622639] systemd[1]: Configuration file /etc/systemd/system/kubelet.service.d/10-kubeadm.conf is marked world-inaccessible. This has no effect as configuration data is accessible via APIs without restrictions. Proceeding anyway.
[    8.651102] systemd[1]: Started Forward Password Requests to Wall Directory Watch.
[[0;32m  OK  [0m] Started Forward Password Requests to Wall Directory Watch.
[    8.652915] systemd[1]: Set up automount Arbitrary Executable File Formats File System Automount Point.
[[0;32m  OK  [0m] Set up automount Arbitrary Executab…rmats File System Automount Point.
[    8.654820] systemd[1]: Reached target System Time Synchronized.
[[0;32m  OK  [0m] Reached target System Time Synchronized.
[    8.656112] systemd[1]: Reached target User and Group Name Lookups.
[[0;32m  OK  [0m] Reached target User and Group Name Lookups.
[[0;32m  OK  [0m] Created slice User and Session Slice.
[[0;32m  OK  [0m] Created slice System Slice.
[[0;32m  OK  [0m] Listening on fsck to fsckd communication Socket.
[[0;32m  OK  [0m] Created slice system-serial\x2dgetty.slice.
[[0;32m  OK  [0m] Listening on Device-mapper event daemon FIFOs.
[[0;32m  OK  [0m] Reached target Slices.
[[0;32m  OK  [0m] Listening on /dev/initctl Compatibility Named Pipe.
[[0;32m  OK  [0m] Listening on Journal Socket.
         Mounting POSIX Message Queue File System...
         Starting File System Check on Root Device...
[[0;32m  OK  [0m] Listening on udev Kernel Socket.
         Starting Load Kernel Modules...
[[0;32m  OK  [0m] Listening on Journal Audit Socket.
[[0;32m  OK  [0m] Listening on LVM2 metadata daemon socket.
         Starting Monitoring of LVM2 mirrors…ng dmeventd or progress polling...
         Starting Create list of required st…ce nodes for the current kernel...
         Starting Set the console keyboard layout...
[[0;32m  OK  [0m] Listening on LVM2 poll daemon socket.
         Starting Uncomplicated firewall...
[[0;32m  OK  [0m] Listening on Network Service Netlink Socket.
[[0;32m  OK  [0m] Listening on Syslog Socket.
[[0;32m  OK  [0m] Listening on Journal Socket (/dev/log).
         Starting Journal Service...
[[0;32m  OK  [0m] Reached target Swap.
         Mounting Kernel Debug File System...
[[0;32m  OK  [0m] Listening on udev Control Socket.
         Starting udev Coldplug all Devices...
         Mounting Huge Pages File System...
[[0;32m  OK  [0m] Mounted POSIX Message Queue File System.
[[0;32m  OK  [0m] Mounted Kernel Debug File System.
[[0;32m  OK  [0m] Mounted Huge Pages File System.
[[0;32m  OK  [0m] Started File System Check Daemon to report status.
[[0;32m  OK  [0m] Started Create list of required sta…vice nodes for the current kernel.
         Starting Create Static Device Nodes in /dev...
[[0;32m  OK  [0m] Started udev Coldplug all Devices.
[[0;32m  OK  [0m] Started Uncomplicated firewall.
[    9.038022] Loading iSCSI transport class v2.0-870.
[[0;32m  OK  [0m] Started Journal Service.
[    9.044181] iscsi: registered transport (tcp)
[    9.056445] iscsi: registered transport (iser)
[[0;32m  OK  [0m] Started Load Kernel Modules.
         Starting Apply Kernel Variables...
         Mounting Kernel Configuration File System...
         Mounting FUSE Control File System...
[[0;32m  OK  [0m] Mounted Kernel Configuration File System.
[[0;32m  OK  [0m] Mounted FUSE Control File System.
[[0;32m  OK  [0m] Started File System Check on Root Device.
         Starting Remount Root and Kernel File Systems...
[[0;32m  OK  [0m] Started LVM2 metadata daemon.
[[0;32m  OK  [0m] Started Create Static Device Nodes in /dev.
[[0;32m  OK  [0m] Started Apply Kernel Variables.
[[0;32m  OK  [0m] Started Remount Root and Kernel File Systems.
         Starting udev Kernel Device Manager...
         Starting Flush Journal to Persistent Storage...
         Starting Load/Save Random Seed...
[[0;32m  OK  [0m] Started Monitoring of LVM2 mirrors,…sing dmeventd or progress polling.
[[0;32m  OK  [0m] Started Load/Save Random Seed.
[[0;32m  OK  [0m] Started udev Kernel Device Manager.
[[0;32m  OK  [0m] Started Set the console keyboard layout.
[[0;32m  OK  [0m] Started Dispatch Password Requests to Console Directory Watch.
[[0;32m  OK  [0m] Reached target Local Encrypted Volumes.
[[0;32m  OK  [0m] Reached target Local File Systems (Pre).
[[0;32m  OK  [0m] Reached target Local File Systems.
         Starting ebtables ruleset management...
         Starting Set console font and keymap...
         Starting AppArmor initialization...
         Starting Tell Plymouth To Write Out Runtime Data...
[[0;32m  OK  [0m] Started Set console font and keymap.
[[0;32m  OK  [0m] Started Tell Plymouth To Write Out Runtime Data.
[[0;32m  OK  [0m] Started Flush Journal to Persistent Storage.
         Starting Create Volatile Files and Directories...
[[0;32m  OK  [0m] Started Create Volatile Files and Directories.
         Starting Update UTMP about System Boot/Shutdown...
[[0;32m  OK  [0m] Started ebtables ruleset management.
[[0;32m  OK  [0m] Started Update UTMP about System Boot/Shutdown.
[[0;32m  OK  [0m] Found device /dev/ttyS0.
[[0;32m  OK  [0m] Started AppArmor initialization.
         Starting Load AppArmor profiles managed internally by snapd...
         Starting Initial cloud-init job (pre-networking)...
[[0;32m  OK  [0m] Started Load AppArmor profiles managed internally by snapd.
[[0;32m  OK  [0m] Listening on Load/Save RF Kill Switch Status /dev/rfkill Watch.
[   10.854551] cloud-init[568]: Cloud-init v. 22.2-0ubuntu1~18.04.3 running 'init-local' at Wed, 10 Aug 2022 10:56:40 +0000. Up 10.70 seconds.
[[0;32m  OK  [0m] Started Initial cloud-init job (pre-networking).
[[0;32m  OK  [0m] Reached target Network (Pre).
         Starting Network Service...
[[0;32m  OK  [0m] Started Network Service.
         Starting Wait for Network to be Configured...
         Starting Network Name Resolution...
[[0;32m  OK  [0m] Started Network Name Resolution.
[[0;32m  OK  [0m] Reached target Network.
[[0;32m  OK  [0m] Reached target Host and Network Name Lookups.
[[0;32m  OK  [0m] Started Wait for Network to be Configured.
         Starting Initial cloud-init job (metadata service crawler)...
[   12.910848] cloud-init[713]: Cloud-init v. 22.2-0ubuntu1~18.04.3 running 'init' at Wed, 10 Aug 2022 10:56:42 +0000. Up 12.78 seconds.
[   12.912061] cloud-init[713]: ci-info: ++++++++++++++++++++++++++++++++++++++Net device info+++++++++++++++++++++++++++++++++++++++
[   12.913106] cloud-init[713]: ci-info: +--------+------+-----------------------------+---------------+--------+-------------------+
[   12.914337] cloud-init[713]: ci-info: | Device |  Up  |           Address           |      Mask     | Scope  |     Hw-Address    |
[   12.915646] cloud-init[713]: ci-info: +--------+------+-----------------------------+---------------+--------+-------------------+
[   12.916711] cloud-init[713]: ci-info: | enp0s3 | True |          10.0.2.15          | 255.255.255.0 | global | 02:aa:b2:66:c8:08 |
[   12.917720] cloud-init[713]: ci-info: | enp0s3 | True |  fe80::aa:b2ff:fe66:c808/64 |       .       |  link  | 02:aa:b2:66:c8:08 |
[   12.918485] cloud-init[713]: ci-info: | enp0s8 | True |          10.0.0.11          | 255.255.255.0 | global | 08:00:27:0f:b8:e1 |
[   12.919524] cloud-init[713]: ci-info: | enp0s8 | True | fe80::a00:27ff:fe0f:b8e1/64 |       .       |  link  | 08:00:27:0f:b8:e1 |
[   12.920535] cloud-init[713]: ci-info: |   lo   | True |          127.0.0.1          |   255.0.0.0   |  host  |         .         |
[   12.921649] cloud-init[713]: ci-info: |   lo   | True |           ::1/128           |       .       |  host  |         .         |
[   12.922742] cloud-init[713]: ci-info: +--------+------+-----------------------------+---------------+--------+-------------------+
[   12.923802] cloud-init[713]: ci-info: ++++++++++++++++++++++++++++Route IPv4 info+++++++++++++++++++++++++++++
[   12.924782] cloud-init[713]: ci-info: +-------+-------------+----------+-----------------+-----------+-------+
[   12.925792] cloud-init[713]: ci-info: | Route | Destination | Gateway  |     Genmask     | Interface | Flags |
[   12.936658] cloud-init[713]: ci-info: +-------+-------------+----------+-----------------+-----------+-------+
[   12.937646] cloud-init[713]: ci-info: |   0   |   0.0.0.0   | 10.0.2.2 |     0.0.0.0     |   enp0s3  |   UG  |
[   12.938661] cloud-init[713]: ci-info: |   1   |   10.0.0.0  | 0.0.0.0  |  255.255.255.0  |   enp0s8  |   U   |
[   12.939557] cloud-init[713]: ci-info: |   2   |   10.0.2.0  | 0.0.0.0  |  255.255.255.0  |   enp0s3  |   U   |
[   12.940599] cloud-init[713]: ci-info: |   3   |   10.0.2.2  | 0.0.0.0  | 255.255.255.255 |   enp0s3  |   UH  |
[   12.941983] cloud-init[713]: ci-info: +-------+-------------+----------+-----------------+-----------+-------+
[   12.943010] cloud-init[713]: ci-info: +++++++++++++++++++Route IPv6 info+++++++++++++++++++
[   12.943820] cloud-init[713]: ci-info: +-------+-------------+---------+-----------+-------+
[   12.944582] cloud-init[713]: ci-info: | Route | Destination | Gateway | Interface | Flags |
[   12.956664] cloud-init[713]: ci-info: +-------+-------------+---------+-----------+-------+
[   12.958001] cloud-init[713]: ci-info: |   1   |  fe80::/64  |    ::   |   enp0s8  |   U   |
[   12.959157] cloud-init[713]: ci-info: |   2   |  fe80::/64  |    ::   |   enp0s3  |   U   |
[   12.961322] cloud-init[713]: ci-info: |   4   |    local    |    ::   |   enp0s3  |   U   |
[   12.962213] cloud-init[713]: ci-info: |   5   |    local    |    ::   |   enp0s8  |   U   |
[   12.972237] cloud-init[713]: ci-info: |   6   |   ff00::/8  |    ::   |   enp0s8  |   U   |
[   12.973091] cloud-init[713]: ci-info: |   7   |   ff00::/8  |    ::   |   enp0s3  |   U   |
[   12.973955] cloud-init[713]: ci-info: +-------+-------------+---------+-----------+-------+
[[0;32m  OK  [0m] Started Initial cloud-init job (metadata service crawler).
[[0;32m  OK  [0m] Reached target Network is Online.
         Starting Availability of block devices...
[[0;32m  OK  [0m] Reached target Remote File Systems (Pre).
         Mounting /vagrant...
[[0;32m  OK  [0m] Reached target Cloud-config availability.
[[0;32m  OK  [0m] Reached target System Initialization.
[[0;32m  OK  [0m] Started Ubuntu Advantage Timer for running repeated jobs.
[[0;32m  OK  [0m] Listening on UUID daemon activation socket.
[[0;32m  OK  [0m] Listening on Open-iSCSI iscsid Socket.
[[0;32m  OK  [0m] Started ACPI Events Check.
[[0;32m  OK  [0m] Listening on D-Bus System Message Bus Socket.
         Starting Socket activation for snappy daemon.
[[0;32m  OK  [0m] Started Daily apt download activities.
[[0;32m  OK  [0m] Listening on cloud-init hotplug hook socket.
         Starting Docker Socket for the API.
         Starting LXD - unix socket.
[[0;32m  OK  [0m] Started Daily apt upgrade and clean activities.
[[0;32m  OK  [0m] Started Discard unused blocks once a week.
[[0;32m  OK  [0m] Started Message of the Day.
[[0;32m  OK  [0m] Listening on ACPID Listen Socket.
[[0;32m  OK  [0m] Listening on Avahi mDNS/DNS-SD Stack Activation Socket.
[[0;32m  OK  [0m] Started Daily Cleanup of Temporary Directories.
[[0;32m  OK  [0m] Reached target Timers.
[[0;32m  OK  [0m] Reached target Paths.
[[0;32m  OK  [0m] Started Availability of block devices.
[[0;32m  OK  [0m] Listening on Socket activation for snappy daemon.
[[0;32m  OK  [0m] Listening on Docker Socket for the API.
[[0;32m  OK  [0m] Listening on LXD - unix socket.
[[0;32m  OK  [0m] Reached target Sockets.
[[0;32m  OK  [0m] Reached target Basic System.
[[0;32m  OK  [0m] Started FUSE filesystem for LXC.
         Starting Dispatcher daemon for systemd-networkd...
[[0;32m  OK  [0m] Started Deferred execution scheduler.
[[0;32m  OK  [0m] Started kubelet: The Kubernetes Node Agent.
[[0;32m  OK  [0m] Started irqbalance daemon.
         Starting containerd container runtime...
         Starting Ubuntu FAN network setup...
         Starting OpenBSD Secure Shell server...
[[0;32m  OK  [0m] Started Regular background program processing daemon.
         Starting Accounts Service...
         Starting System Logging Service...
         Starting LSB: Record successful boot for GRUB...
         Starting Virtualbox guest utils...
         Starting LXD - container startup/shutdown...
         Starting Login Service...
         Starting Avahi mDNS/DNS-SD Stack...
[[0;32m  OK  [0m] Started D-Bus System Message Bus.
[[0;32m  OK  [0m] Started Login Service.
[[0;32m  OK  [0m] Started Unattended Upgrades Shutdown.
         Starting Snap Daemon...
[[0;32m  OK  [0m] Started System Logging Service.
[[0;32m  OK  [0m] Mounted /vagrant.
[[0;32m  OK  [0m] Started LXD - container startup/shutdown.
[[0;32m  OK  [0m] Started OpenBSD Secure Shell server.
[[0;32m  OK  [0m] Started Avahi mDNS/DNS-SD Stack.
[[0;32m  OK  [0m] Reached target Remote File Systems.
         Starting Permit User Sessions...
         Starting LSB: automatic crash report generation...
[[0;32m  OK  [0m] Started Permit User Sessions.
         Starting Terminate Plymouth Boot Screen...
         Starting Hold until boot process finishes up...
         Starting Authorization Manager...
[[0;32m  OK  [0m] Started Hold until boot process finishes up.
         Starting Set console scheme...
[[0;32m  OK  [0m] Started Serial Getty on ttyS0.
[[0;32m  OK  [0m] Started Terminate Plymouth Boot Screen.
[[0;32m  OK  [0m] Started Virtualbox guest utils.
[[0;32m  OK  [0m] Started LSB: Record successful boot for GRUB.
[[0;32m  OK  [0m] Started Authorization Manager.
[[0;32m  OK  [0m] Started Accounts Service.
[[0;32m  OK  [0m] Started Set console scheme.
[[0;32m  OK  [0m] Created slice system-getty.slice.
[[0;32m  OK  [0m] Started Getty on tty1.
[[0;32m  OK  [0m] Reached target Login Prompts.
[[0;32m  OK  [0m] Started Ubuntu FAN network setup.
[[0;32m  OK  [0m] Started LSB: automatic crash report generation.
[[0;32m  OK  [0m] Started Dispatcher daemon for systemd-networkd.
[[0;32m  OK  [0m] Started containerd container runtime.
         Starting Docker Application Container Engine...
[[0;32m  OK  [0m] Started Kubernetes systemd probe.
[[0;32m  OK  [0m] Started Snap Daemon.
         Starting Wait until snapd is fully seeded...
         Starting Time & Date Service...
[[0;32m  OK  [0m] Started Time & Date Service.
[[0;32m  OK  [0m] Started Wait until snapd is fully seeded.
         Starting Apply the settings specified in cloud-config...
[   16.087481] cloud-init[1501]: Cloud-init v. 22.2-0ubuntu1~18.04.3 running 'modules:config' at Wed, 10 Aug 2022 10:56:45 +0000. Up 15.97 seconds.
[[0;32m  OK  [0m] Started Apply the settings specified in cloud-config.
[[0;32m  OK  [0m] Started Docker Application Container Engine.
[[0;32m  OK  [0m] Reached target Multi-User System.
         Starting Execute cloud user/final scripts...
[[0;32m  OK  [0m] Reached target Graphical Interface.
         Starting Update UTMP about System Runlevel Changes...
[[0;32m  OK  [0m] Started Update UTMP about System Runlevel Changes.
[   17.003009] cloud-init[1722]: Cloud-init v. 22.2-0ubuntu1~18.04.3 running 'modules:final' at Wed, 10 Aug 2022 10:56:46 +0000. Up 16.91 seconds.
[   17.004136] cloud-init[1722]: Cloud-init v. 22.2-0ubuntu1~18.04.3 finished at Wed, 10 Aug 2022 10:56:46 +0000. Datasource DataSourceNoCloud [seed=/dev/sdb][dsmode=net].  Up 16.99 seconds
[[0;32m  OK  [0m] Started Execute cloud user/final scripts.
[[0;32m  OK  [0m] Reached target Cloud-init target.

Ubuntu 18.04.6 LTS node1 ttyS0

node1 login: 